<?xml version="1.0" encoding="UTF-8"?>
<!-- Generated by org.testng.reporters.JUnitXMLReporter -->
<testsuite ignored="1" hostname="Usha" failures="1" tests="1" name="Test(failed)(failed)" time="0.109" errors="0" timestamp="2023-08-17T18:57:49 IST">
  <testcase classname="testNGBasics.Enable_Keyword" name="TC2" time="0.026">
    <failure type="java.lang.AssertionError" message="null">
      <![CDATA[java.lang.AssertionError: null
at testNGBasics.Enable_Keyword.TC2(Enable_Keyword.java:17)
at java.base/java.util.ArrayList.forEach(ArrayList.java:1511)
... Removed 27 stack frames]]>
    </failure>
  </testcase> <!-- TC2 -->
  <testcase classname="testNGBasics.Enable_Keyword" name="TC1" time="0.0">
    <ignored/>
  </testcase> <!-- TC1 -->
</testsuite> <!-- Test(failed)(failed) -->
