<?xml version="1.0" encoding="UTF-8"?>
<!-- Generated by org.testng.reporters.JUnitXMLReporter -->
<testsuite ignored="3" hostname="Usha" failures="0" tests="3" name="test1" time="0.112" errors="0" timestamp="2023-08-07T19:56:18 IST">
  <testcase classname="testNGBasics.WorkingWithGroups" name="a" time="0.018"/>
  <testcase classname="testNGBasics.WorkingWithGroups" name="c" time="0.003"/>
  <testcase classname="testNGBasics.WorkingWithGroups" name="e" time="0.003"/>
  <testcase classname="testNGBasics.WorkingWithGroups" name="b" time="0.0">
    <ignored/>
  </testcase> <!-- b -->
  <testcase classname="testNGBasics.WorkingWithGroups" name="f" time="0.0">
    <ignored/>
  </testcase> <!-- f -->
  <testcase classname="testNGBasics.WorkingWithGroups" name="d" time="0.0">
    <ignored/>
  </testcase> <!-- d -->
</testsuite> <!-- test1 -->
